<?xml version="1.0" encoding="UTF-8"?>
<testng-results skipped="0" failed="0" ignored="0" total="1" passed="1">
  <reporter-output>
  </reporter-output>
  <suite name="Default suite" duration-ms="15316" started-at="2018-04-11T13:38:27Z" finished-at="2018-04-11T13:38:42Z">
    <groups>
    </groups>
    <test name="Default test" duration-ms="15316" started-at="2018-04-11T13:38:27Z" finished-at="2018-04-11T13:38:42Z">
      <class name="nbuyadspkg1.nbuyads_tc2">
        <test-method status="PASS" signature="Testcase1()[pri:0, instance:nbuyadspkg1.nbuyads_tc2@46d56d67]" name="Testcase1" duration-ms="15285" started-at="2018-04-11T19:08:27Z" finished-at="2018-04-11T19:08:42Z">
          <reporter-output>
          </reporter-output>
        </test-method> <!-- Testcase1 -->
      </class> <!-- nbuyadspkg1.nbuyads_tc2 -->
    </test> <!-- Default test -->
  </suite> <!-- Default suite -->
</testng-results>
